Arguments: 
  /home/ubuntu/munif/.nvm/versions/node/v8.9.4/bin/node /home/ubuntu/munif/.nvm/versions/node/v8.9.4/bin/yarn start

PATH: 
  /home/ubuntu/munif/.rbenv/shims:/home/ubuntu/munif/.pyenv/plugins/pyenv-virtualenv/shims:/home/ubuntu/munif/.pyenv/shims:/home/ubuntu/munif/.dotfiles/scripts/scripts.bash:/home/ubuntu/munif/.local/bin:/home/ubuntu/munif/.rbenv/plugins/ruby-build/bin:/home/ubuntu/munif/.rbenv/shims:/home/ubuntu/munif/.rbenv/bin:/home/ubuntu/munif/.pyenv/plugins/pyenv-virtualenv/shims:/home/ubuntu/munif/.pyenv/shims:/home/ubuntu/munif/.pyenv/bin:/home/ubuntu/munif/.nvm/versions/node/v8.9.4/bin:/home/ubuntu/munif/.go/bin:/snap/go/1688/bin:/home/ubuntu/munif/.composer/vendor/bin:/home/ubuntu/munif/.local/share/umake/android/android-sdk/emulator:/home/ubuntu/munif/.local/share/umake/android/android-sdk/platform-tools:/home/ubuntu/munif/.local/share/umake/android/android-sdk/tools/bin:/home/ubuntu/munif/.local/share/umake/android/android-sdk/tools:/home/ubuntu/munif/.dotfiles/scripts/scripts.bash:/home/ubuntu/munif/.local/bin:/home/ubuntu/munif/.local/share/umake/bin:/usr/local/sbin:/usr/local/bin:/usr/sbin:/usr/bin:/sbin:/bin:/usr/games:/usr/local/games:/snap/bin

Yarn version: 
  1.5.1

Node version: 
  8.9.4

Platform: 
  linux x64

npm manifest: 
  No manifest

yarn manifest: 
  No manifest

Lockfile: 
  No lockfile

Trace: 
  Error: Couldn't find a package.json file in "/home/data/dev/gits/hugotest"
      at new MessageError (/home/ubuntu/munif/.nvm/versions/node/v8.9.4/lib/node_modules/yarn/lib/cli.js:186:110)
      at /home/ubuntu/munif/.nvm/versions/node/v8.9.4/lib/node_modules/yarn/lib/cli.js:40048:15
      at Generator.next (<anonymous>)
      at step (/home/ubuntu/munif/.nvm/versions/node/v8.9.4/lib/node_modules/yarn/lib/cli.js:98:30)
      at /home/ubuntu/munif/.nvm/versions/node/v8.9.4/lib/node_modules/yarn/lib/cli.js:109:13
      at <anonymous>
